<?xml version="1.0" encoding="UTF-8"?>
<!-- Generated by org.testng.reporters.JUnitXMLReporter -->
<testsuite ignored="0" hostname="Koushik" failures="0" tests="5" name="Default test" time="31.143" errors="0" timestamp="2025-01-07T00:28:45 IST">
  <testcase classname="TestPackage.Login_hashmap" name="sauseloginTest" time="4.593"/>
  <testcase classname="TestPackage.Login_hashmap" name="sauseloginTest" time="4.004"/>
  <testcase classname="TestPackage.Login_hashmap" name="sauseloginTest" time="4.014"/>
  <testcase classname="TestPackage.Login_hashmap" name="sauseloginTest" time="3.956"/>
  <testcase classname="TestPackage.Login_hashmap" name="sauseloginTest" time="10.63"/>
</testsuite> <!-- Default test -->
