<?xml version="1.0" encoding="UTF-8"?>
<!-- Generated by org.testng.reporters.JUnitXMLReporter -->
<testsuite ignored="0" hostname="Koushik" failures="0" tests="5" name="Test2" time="20.701" errors="0" timestamp="2025-01-07T10:32:39 IST">
  <testcase classname="TestPackage.Login_hashmap" name="sauseloginTest_hashmap" time="3.621"/>
  <testcase classname="TestPackage.Login_hashmap" name="sauseloginTest_hashmap" time="3.285"/>
  <testcase classname="TestPackage.Login_hashmap" name="sauseloginTest_hashmap" time="1.943"/>
  <testcase classname="TestPackage.Login_hashmap" name="sauseloginTest_hashmap" time="1.897"/>
  <testcase classname="TestPackage.Login_hashmap" name="sauseloginTest_hashmap" time="6.914"/>
</testsuite> <!-- Test2 -->
