<?xml version="1.0" encoding="UTF-8"?>
<!-- Generated by org.testng.reporters.JUnitXMLReporter -->
<testsuite ignored="0" hostname="Koushik" failures="0" tests="5" name="Test2" time="20.522" errors="0" timestamp="2025-01-07T00:41:49 IST">
  <testcase classname="TestPackage.Login_hashmap" name="sauseloginTest" time="3.385"/>
  <testcase classname="TestPackage.Login_hashmap" name="sauseloginTest" time="4.806"/>
  <testcase classname="TestPackage.Login_hashmap" name="sauseloginTest" time="1.814"/>
  <testcase classname="TestPackage.Login_hashmap" name="sauseloginTest" time="1.894"/>
  <testcase classname="TestPackage.Login_hashmap" name="sauseloginTest" time="7.014"/>
</testsuite> <!-- Test2 -->
