<?xml version="1.0" encoding="UTF-8"?>
<testng-results ignored="0" total="7" passed="7" failed="0" skipped="0">
  <reporter-output>
  </reporter-output>
  <suite started-at="2025-01-07T10:32:18 IST" name="Suite" finished-at="2025-01-07T10:32:51 IST" duration-ms="32249">
    <groups>
    </groups>
    <test started-at="2025-01-07T10:32:18 IST" name="Test3" finished-at="2025-01-07T10:32:24 IST" duration-ms="5191">
      <class name="TestPackage.saucelabLogin">
        <test-method signature="sauseloginTest(java.util.HashMap)[pri:0, instance:TestPackage.saucelabLogin@6dee4f1b]" started-at="2025-01-07T10:32:18 IST" name="sauseloginTest" data-provider="login" finished-at="2025-01-07T10:32:22 IST" duration-ms="3843" status="PASS">
          <params>
            <param index="0">
              <value>
                <![CDATA[{pass=secret_sauce, user=standard_user}]]>
              </value>
            </param>
          </params>
          <reporter-output>
          </reporter-output>
        </test-method> <!-- sauseloginTest -->
        <test-method is-config="true" signature="terminate()[pri:0, instance:TestPackage.saucelabLogin@6dee4f1b]" started-at="2025-01-07T10:32:23 IST" name="terminate" finished-at="2025-01-07T10:32:24 IST" duration-ms="306" status="PASS">
          <reporter-output>
          </reporter-output>
        </test-method> <!-- terminate -->
      </class> <!-- TestPackage.saucelabLogin -->
    </test> <!-- Test3 -->
    <test started-at="2025-01-07T10:32:18 IST" name="Test2" finished-at="2025-01-07T10:32:39 IST" duration-ms="20701">
      <class name="TestPackage.Login_hashmap">
        <test-method signature="sauseloginTest_hashmap(java.util.HashMap)[pri:0, instance:TestPackage.Login_hashmap@4b14918a]" started-at="2025-01-07T10:32:19 IST" name="sauseloginTest_hashmap" data-provider="login" finished-at="2025-01-07T10:32:22 IST" duration-ms="3621" status="PASS">
          <params>
            <param index="0">
              <value>
                <![CDATA[{pass=secret_sauce, user=standard_user}]]>
              </value>
            </param>
          </params>
          <reporter-output>
          </reporter-output>
        </test-method> <!-- sauseloginTest_hashmap -->
        <test-method is-config="true" signature="terminate()[pri:0, instance:TestPackage.Login_hashmap@4b14918a]" started-at="2025-01-07T10:32:23 IST" name="terminate" finished-at="2025-01-07T10:32:24 IST" duration-ms="427" status="PASS">
          <reporter-output>
          </reporter-output>
        </test-method> <!-- terminate -->
        <test-method signature="sauseloginTest_hashmap(java.util.HashMap)[pri:0, instance:TestPackage.Login_hashmap@4b14918a]" started-at="2025-01-07T10:32:24 IST" name="sauseloginTest_hashmap" data-provider="login" finished-at="2025-01-07T10:32:27 IST" duration-ms="3285" status="PASS">
          <params>
            <param index="0">
              <value>
                <![CDATA[{pass=secret_sauce, user=locked_out_user}]]>
              </value>
            </param>
          </params>
          <reporter-output>
          </reporter-output>
        </test-method> <!-- sauseloginTest_hashmap -->
        <test-method is-config="true" signature="terminate()[pri:0, instance:TestPackage.Login_hashmap@4b14918a]" started-at="2025-01-07T10:32:27 IST" name="terminate" finished-at="2025-01-07T10:32:27 IST" duration-ms="105" status="PASS">
          <reporter-output>
          </reporter-output>
        </test-method> <!-- terminate -->
        <test-method signature="sauseloginTest_hashmap(java.util.HashMap)[pri:0, instance:TestPackage.Login_hashmap@4b14918a]" started-at="2025-01-07T10:32:27 IST" name="sauseloginTest_hashmap" data-provider="login" finished-at="2025-01-07T10:32:29 IST" duration-ms="1943" status="PASS">
          <params>
            <param index="0">
              <value>
                <![CDATA[{pass=secret_sauce, user=locked_out_user}]]>
              </value>
            </param>
          </params>
          <reporter-output>
          </reporter-output>
        </test-method> <!-- sauseloginTest_hashmap -->
        <test-method is-config="true" signature="terminate()[pri:0, instance:TestPackage.Login_hashmap@4b14918a]" started-at="2025-01-07T10:32:29 IST" name="terminate" finished-at="2025-01-07T10:32:29 IST" duration-ms="116" status="PASS">
          <reporter-output>
          </reporter-output>
        </test-method> <!-- terminate -->
        <test-method signature="sauseloginTest_hashmap(java.util.HashMap)[pri:0, instance:TestPackage.Login_hashmap@4b14918a]" started-at="2025-01-07T10:32:29 IST" name="sauseloginTest_hashmap" data-provider="login" finished-at="2025-01-07T10:32:31 IST" duration-ms="1897" status="PASS">
          <params>
            <param index="0">
              <value>
                <![CDATA[{pass=secret_sauce, user=problem_user}]]>
              </value>
            </param>
          </params>
          <reporter-output>
          </reporter-output>
        </test-method> <!-- sauseloginTest_hashmap -->
        <test-method is-config="true" signature="terminate()[pri:0, instance:TestPackage.Login_hashmap@4b14918a]" started-at="2025-01-07T10:32:32 IST" name="terminate" finished-at="2025-01-07T10:32:32 IST" duration-ms="152" status="PASS">
          <reporter-output>
          </reporter-output>
        </test-method> <!-- terminate -->
        <test-method signature="sauseloginTest_hashmap(java.util.HashMap)[pri:0, instance:TestPackage.Login_hashmap@4b14918a]" started-at="2025-01-07T10:32:32 IST" name="sauseloginTest_hashmap" data-provider="login" finished-at="2025-01-07T10:32:39 IST" duration-ms="6914" status="PASS">
          <params>
            <param index="0">
              <value>
                <![CDATA[{pass=secret_sauce, user=performance_glitch_user}]]>
              </value>
            </param>
          </params>
          <reporter-output>
          </reporter-output>
        </test-method> <!-- sauseloginTest_hashmap -->
        <test-method is-config="true" signature="terminate()[pri:0, instance:TestPackage.Login_hashmap@4b14918a]" started-at="2025-01-07T10:32:39 IST" name="terminate" finished-at="2025-01-07T10:32:39 IST" duration-ms="105" status="PASS">
          <reporter-output>
          </reporter-output>
        </test-method> <!-- terminate -->
      </class> <!-- TestPackage.Login_hashmap -->
    </test> <!-- Test2 -->
    <test started-at="2025-01-07T10:32:18 IST" name="Test1" finished-at="2025-01-07T10:32:51 IST" duration-ms="32249">
      <class name="TestPackage.greenkartTest">
        <test-method signature="checkouttest()[pri:0, instance:TestPackage.greenkartTest@38aa816f]" started-at="2025-01-07T10:32:18 IST" name="checkouttest" finished-at="2025-01-07T10:32:50 IST" duration-ms="31930" status="PASS">
          <reporter-output>
          </reporter-output>
        </test-method> <!-- checkouttest -->
        <test-method is-config="true" signature="terminate()[pri:0, instance:TestPackage.greenkartTest@38aa816f]" started-at="2025-01-07T10:32:51 IST" name="terminate" finished-at="2025-01-07T10:32:51 IST" duration-ms="155" status="PASS">
          <reporter-output>
          </reporter-output>
        </test-method> <!-- terminate -->
      </class> <!-- TestPackage.greenkartTest -->
    </test> <!-- Test1 -->
  </suite> <!-- Suite -->
</testng-results>
