<?xml version="1.0" encoding="UTF-8"?>
<testng-results ignored="0" total="1" passed="1" failed="0" skipped="0">
  <reporter-output>
  </reporter-output>
  <suite started-at="2025-01-06T13:17:00 IST" name="Default suite" finished-at="2025-01-06T13:17:30 IST" duration-ms="29749">
    <groups>
    </groups>
    <test started-at="2025-01-06T13:17:00 IST" name="Default test" finished-at="2025-01-06T13:17:30 IST" duration-ms="29749">
      <class name="TestPackage.greenkartTest">
        <test-method signature="checkouttest()[pri:0, instance:TestPackage.greenkartTest@3646a422]" started-at="2025-01-06T13:17:00 IST" name="checkouttest" finished-at="2025-01-06T13:17:30 IST" duration-ms="29559" status="PASS">
          <reporter-output>
          </reporter-output>
        </test-method> <!-- checkouttest -->
        <test-method is-config="true" signature="terminate()[pri:0, instance:TestPackage.greenkartTest@3646a422]" started-at="2025-01-06T13:17:30 IST" name="terminate" finished-at="2025-01-06T13:17:30 IST" duration-ms="140" status="PASS">
          <reporter-output>
          </reporter-output>
        </test-method> <!-- terminate -->
      </class> <!-- TestPackage.greenkartTest -->
    </test> <!-- Default test -->
  </suite> <!-- Default suite -->
</testng-results>
